apps/mobile/androidApp/build/intermediates/manifest_merge_blame_file/debug/processDebugMainManifest/manifest-merger-blame-debug-report.txt
1<?xml version="1.0" encoding="utf-8"?>
2<manifest xmlns:android="http://schemas.android.com/apk/res/android"
3    package="cl.truckmanager.android"
4    android:versionCode="1"
5    android:versionName="1.0.0" >
6
7    <uses-sdk
8        android:minSdkVersion="26"
9        android:targetSdkVersion="35" />
10
11    <uses-permission android:name="android.permission.INTERNET" />
11-->src/androidMain/AndroidManifest.xml:5:5-67
11-->src/androidMain/AndroidManifest.xml:5:22-64
12    <uses-permission android:name="android.permission.ACCESS_FINE_LOCATION" />
12-->src/androidMain/AndroidManifest.xml:6:5-79
12-->src/androidMain/AndroidManifest.xml:6:22-76
13    <uses-permission android:name="android.permission.ACCESS_COARSE_LOCATION" />
13-->src/androidMain/AndroidManifest.xml:7:5-81
13-->src/androidMain/AndroidManifest.xml:7:22-78
14    <uses-permission android:name="android.permission.FOREGROUND_SERVICE" />
14-->src/androidMain/AndroidManifest.xml:8:5-77
14-->src/androidMain/AndroidManifest.xml:8:22-74
15    <uses-permission android:name="android.permission.FOREGROUND_SERVICE_LOCATION" />
15-->src/androidMain/AndroidManifest.xml:9:5-86
15-->src/androidMain/AndroidManifest.xml:9:22-83
16    <uses-permission android:name="android.permission.CAMERA" />
16-->src/androidMain/AndroidManifest.xml:10:5-65
16-->src/androidMain/AndroidManifest.xml:10:22-62
17    <uses-permission android:name="android.permission.POST_NOTIFICATIONS" />
17-->src/androidMain/AndroidManifest.xml:11:5-77
17-->src/androidMain/AndroidManifest.xml:11:22-74
18
19    <uses-feature
19-->src/androidMain/AndroidManifest.xml:13:5-84
20        android:name="android.hardware.camera"
20-->src/androidMain/AndroidManifest.xml:13:19-57
21        android:required="true" />
21-->src/androidMain/AndroidManifest.xml:13:58-81
22
23    <uses-permission android:name="android.permission.ACCESS_NETWORK_STATE" />
23-->[com.microsoft.identity.client:msal:4.9.0] AndroidManifest.xml:8:5-79
23-->[com.microsoft.identity.client:msal:4.9.0] AndroidManifest.xml:8:22-76
24    <!--
25     Required for API Level 30 to make sure we can detect browsers and other apps we want to
26     be able to talk to.
27    -->
28    <!-- https://developer.android.com/training/basics/intents/package-visibility-use-cases -->
29    <queries>
29-->[com.microsoft.identity:common:16.1.0] AndroidManifest.xml:17:5-41:15
30        <package android:name="com.azure.authenticator" />
30-->[com.microsoft.identity:common:16.1.0] AndroidManifest.xml:18:9-59
30-->[com.microsoft.identity:common:16.1.0] AndroidManifest.xml:18:18-56
31        <package android:name="com.microsoft.identity.testuserapp" />
31-->[com.microsoft.identity:common:16.1.0] AndroidManifest.xml:19:9-70
31-->[com.microsoft.identity:common:16.1.0] AndroidManifest.xml:19:18-67
32        <package android:name="com.microsoft.windowsintune.companyportal" />
32-->[com.microsoft.identity:common:16.1.0] AndroidManifest.xml:20:9-77
32-->[com.microsoft.identity:common:16.1.0] AndroidManifest.xml:20:18-74
33        <package android:name="com.microsoft.mockauthapp" />
33-->[com.microsoft.identity:common:16.1.0] AndroidManifest.xml:21:9-61
33-->[com.microsoft.identity:common:16.1.0] AndroidManifest.xml:21:18-58
34        <package android:name="com.microsoft.mockcp" />
34-->[com.microsoft.identity:common:16.1.0] AndroidManifest.xml:22:9-56
34-->[com.microsoft.identity:common:16.1.0] AndroidManifest.xml:22:18-53
35        <package android:name="com.microsoft.mockltw" />
35-->[com.microsoft.identity:common:16.1.0] AndroidManifest.xml:23:9-57
35-->[com.microsoft.identity:common:16.1.0] AndroidManifest.xml:23:18-54
36        <package android:name="com.microsoft.appmanager" />
36-->[com.microsoft.identity:common:16.1.0] AndroidManifest.xml:24:9-60
36-->[com.microsoft.identity:common:16.1.0] AndroidManifest.xml:24:18-57
37        <!--
38        Required for API Level 30 to make sure we can detect browsers
39        (that don't support custom tabs)
40        -->
41        <intent>
41-->[com.microsoft.identity:common:16.1.0] AndroidManifest.xml:29:9-35:18
42            <action android:name="android.intent.action.VIEW" />
42-->src/androidMain/AndroidManifest.xml:43:17-69
42-->src/androidMain/AndroidManifest.xml:43:25-66
43
44            <category android:name="android.intent.category.BROWSABLE" />
44-->src/androidMain/AndroidManifest.xml:45:17-78
44-->src/androidMain/AndroidManifest.xml:45:27-75
45
46            <data android:scheme="https" />
46-->src/androidMain/AndroidManifest.xml:46:17-88
46-->src/androidMain/AndroidManifest.xml:46:23-46
47        </intent>
48        <!-- Required for API Level 30 to make sure we can detect browsers that support custom tabs -->
49        <!-- https://developers.google.com/web/updates/2020/07/custom-tabs-android-11#detecting_browsers_that_support_custom_tabs -->
50        <intent>
50-->[com.microsoft.identity:common:16.1.0] AndroidManifest.xml:38:9-40:18
51            <action android:name="android.support.customtabs.action.CustomTabsService" />
51-->[com.microsoft.identity:common:16.1.0] AndroidManifest.xml:39:13-90
51-->[com.microsoft.identity:common:16.1.0] AndroidManifest.xml:39:21-87
52        </intent>
53    </queries>
54
55    <permission
55-->[androidx.core:core:1.13.1] AndroidManifest.xml:22:5-24:47
56        android:name="cl.truckmanager.android.DYNAMIC_RECEIVER_NOT_EXPORTED_PERMISSION"
56-->[androidx.core:core:1.13.1] AndroidManifest.xml:23:9-81
57        android:protectionLevel="signature" />
57-->[androidx.core:core:1.13.1] AndroidManifest.xml:24:9-44
58
59    <uses-permission android:name="cl.truckmanager.android.DYNAMIC_RECEIVER_NOT_EXPORTED_PERMISSION" />
59-->[androidx.core:core:1.13.1] AndroidManifest.xml:26:5-97
59-->[androidx.core:core:1.13.1] AndroidManifest.xml:26:22-94
60    <uses-permission android:name="android.permission.NFC" />
60-->[com.yubico.yubikit:android:2.3.0] AndroidManifest.xml:7:5-62
60-->[com.yubico.yubikit:android:2.3.0] AndroidManifest.xml:7:22-59
61
62    <uses-feature
62-->[com.yubico.yubikit:android:2.3.0] AndroidManifest.xml:9:5-11:36
63        android:name="android.hardware.usb.host"
63-->[com.yubico.yubikit:android:2.3.0] AndroidManifest.xml:10:9-49
64        android:required="false" />
64-->[com.yubico.yubikit:android:2.3.0] AndroidManifest.xml:11:9-33
65    <uses-feature
65-->[com.yubico.yubikit:android:2.3.0] AndroidManifest.xml:12:5-14:36
66        android:name="android.hardware.nfc"
66-->[com.yubico.yubikit:android:2.3.0] AndroidManifest.xml:13:9-44
67        android:required="false" />
67-->[com.yubico.yubikit:android:2.3.0] AndroidManifest.xml:14:9-33
68
69    <application
69-->src/androidMain/AndroidManifest.xml:15:5-49:19
70        android:name="cl.truckmanager.android.TruckManagerApp"
70-->src/androidMain/AndroidManifest.xml:16:9-40
71        android:allowBackup="true"
71-->src/androidMain/AndroidManifest.xml:19:9-35
72        android:appComponentFactory="androidx.core.app.CoreComponentFactory"
72-->[androidx.core:core:1.13.1] AndroidManifest.xml:28:18-86
73        android:debuggable="true"
74        android:extractNativeLibs="false"
75        android:label="TruckManager"
75-->src/androidMain/AndroidManifest.xml:17:9-37
76        android:networkSecurityConfig="@xml/network_security_config"
76-->src/androidMain/AndroidManifest.xml:21:9-69
77        android:supportsRtl="true"
77-->src/androidMain/AndroidManifest.xml:20:9-35
78        android:theme="@style/Theme.TruckManager" >
78-->src/androidMain/AndroidManifest.xml:18:9-50
79        <activity
79-->src/androidMain/AndroidManifest.xml:23:9-31:20
80            android:name="cl.truckmanager.android.MainActivity"
80-->src/androidMain/AndroidManifest.xml:24:13-41
81            android:exported="true"
81-->src/androidMain/AndroidManifest.xml:25:13-36
82            android:launchMode="singleTop" >
82-->src/androidMain/AndroidManifest.xml:26:13-43
83            <intent-filter>
83-->src/androidMain/AndroidManifest.xml:27:13-30:29
84                <action android:name="android.intent.action.MAIN" />
84-->src/androidMain/AndroidManifest.xml:28:17-69
84-->src/androidMain/AndroidManifest.xml:28:25-66
85
86                <category android:name="android.intent.category.LAUNCHER" />
86-->src/androidMain/AndroidManifest.xml:29:17-77
86-->src/androidMain/AndroidManifest.xml:29:27-74
87            </intent-filter>
88        </activity>
89
90        <service
90-->src/androidMain/AndroidManifest.xml:33:9-36:40
91            android:name="cl.truckmanager.android.service.ServicioRastreoGps"
91-->src/androidMain/AndroidManifest.xml:34:13-55
92            android:exported="false"
92-->src/androidMain/AndroidManifest.xml:36:13-37
93            android:foregroundServiceType="location" />
93-->src/androidMain/AndroidManifest.xml:35:13-53
94
95        <!-- MSAL BrowserTabActivity: tools:node="replace" evita duplicado con la manifest interna de MSAL -->
96        <activity
96-->src/androidMain/AndroidManifest.xml:39:9-48:20
97            android:name="com.microsoft.identity.client.BrowserTabActivity"
97-->src/androidMain/AndroidManifest.xml:39:19-82
98            android:exported="true" >
98-->src/androidMain/AndroidManifest.xml:40:13-36
99            <intent-filter>
99-->src/androidMain/AndroidManifest.xml:42:13-47:29
100                <action android:name="android.intent.action.VIEW" />
100-->src/androidMain/AndroidManifest.xml:43:17-69
100-->src/androidMain/AndroidManifest.xml:43:25-66
101
102                <category android:name="android.intent.category.DEFAULT" />
102-->src/androidMain/AndroidManifest.xml:44:17-76
102-->src/androidMain/AndroidManifest.xml:44:27-73
103                <category android:name="android.intent.category.BROWSABLE" />
103-->src/androidMain/AndroidManifest.xml:45:17-78
103-->src/androidMain/AndroidManifest.xml:45:27-75
104
105                <data
105-->src/androidMain/AndroidManifest.xml:46:17-88
106                    android:host="cl.truckmanager.android"
106-->src/androidMain/AndroidManifest.xml:46:47-85
107                    android:scheme="msauth" />
107-->src/androidMain/AndroidManifest.xml:46:23-46
108            </intent-filter>
109        </activity>
110        <!-- MSAL activity that will be used to process all the auth related logic -->
111        <activity
111-->[com.microsoft.identity.client:msal:4.9.0] AndroidManifest.xml:13:9-17:47
112            android:name="com.microsoft.identity.common.internal.providers.oauth2.AuthorizationActivity"
112-->[com.microsoft.identity.client:msal:4.9.0] AndroidManifest.xml:14:13-105
113            android:configChanges="orientation|keyboardHidden|screenSize|smallestScreenSize|screenLayout|keyboard"
113-->[com.microsoft.identity.client:msal:4.9.0] AndroidManifest.xml:15:13-115
114            android:exported="false"
114-->[com.microsoft.identity.client:msal:4.9.0] AndroidManifest.xml:16:13-37
115            android:launchMode="singleTask" />
115-->[com.microsoft.identity.client:msal:4.9.0] AndroidManifest.xml:17:13-44
116        <activity
116-->[com.microsoft.identity.client:msal:4.9.0] AndroidManifest.xml:18:9-22:45
117            android:name="com.microsoft.identity.common.internal.providers.oauth2.CurrentTaskAuthorizationActivity"
117-->[com.microsoft.identity.client:msal:4.9.0] AndroidManifest.xml:19:13-116
118            android:configChanges="orientation|keyboardHidden|screenSize|smallestScreenSize|screenLayout|keyboard"
118-->[com.microsoft.identity.client:msal:4.9.0] AndroidManifest.xml:20:13-115
119            android:exported="false"
119-->[com.microsoft.identity.client:msal:4.9.0] AndroidManifest.xml:21:13-37
120            android:launchMode="standard" /> <!-- Helper activity for displaying current broker redirect URI configuration -->
120-->[com.microsoft.identity.client:msal:4.9.0] AndroidManifest.xml:22:13-42
121        <activity
121-->[com.microsoft.identity.client:msal:4.9.0] AndroidManifest.xml:25:9-28:45
122            android:name="com.microsoft.identity.client.helper.BrokerHelperActivity"
122-->[com.microsoft.identity.client:msal:4.9.0] AndroidManifest.xml:26:13-85
123            android:exported="false"
123-->[com.microsoft.identity.client:msal:4.9.0] AndroidManifest.xml:27:13-37
124            android:launchMode="standard" />
124-->[com.microsoft.identity.client:msal:4.9.0] AndroidManifest.xml:28:13-42
125        <activity
125-->[com.microsoft.identity.client:msal:4.9.0] AndroidManifest.xml:35:9-37:39
126            android:name="com.microsoft.identity.client.CurrentTaskBrowserTabActivity"
126-->[com.microsoft.identity.client:msal:4.9.0] AndroidManifest.xml:36:13-87
127            android:exported="true" />
127-->[com.microsoft.identity.client:msal:4.9.0] AndroidManifest.xml:37:13-36
128
129        <service
129-->[androidx.camera:camera-camera2:1.3.4] AndroidManifest.xml:24:9-33:19
130            android:name="androidx.camera.core.impl.MetadataHolderService"
130-->[androidx.camera:camera-camera2:1.3.4] AndroidManifest.xml:25:13-75
131            android:enabled="false"
131-->[androidx.camera:camera-camera2:1.3.4] AndroidManifest.xml:26:13-36
132            android:exported="false" >
132-->[androidx.camera:camera-camera2:1.3.4] AndroidManifest.xml:27:13-37
133            <meta-data
133-->[androidx.camera:camera-camera2:1.3.4] AndroidManifest.xml:30:13-32:89
134                android:name="androidx.camera.core.impl.MetadataHolderService.DEFAULT_CONFIG_PROVIDER"
134-->[androidx.camera:camera-camera2:1.3.4] AndroidManifest.xml:31:17-103
135                android:value="androidx.camera.camera2.Camera2Config$DefaultProvider" />
135-->[androidx.camera:camera-camera2:1.3.4] AndroidManifest.xml:32:17-86
136        </service> <!-- Activity to invoke an interactive request to the intent passed by ad-accounts(Broker) -->
137        <activity
137-->[com.microsoft.identity:common:16.1.0] AndroidManifest.xml:54:9-56:99
138            android:name="com.microsoft.identity.common.internal.broker.BrokerActivity"
138-->[com.microsoft.identity:common:16.1.0] AndroidManifest.xml:55:13-88
139            android:configChanges="orientation|keyboardHidden|screenSize|screenLayout|keyboard" /> <!-- Activity to launch a install WPJ certificate activity and get the result -->
139-->[com.microsoft.identity:common:16.1.0] AndroidManifest.xml:56:13-96
140        <activity
140-->[com.microsoft.identity:common:16.1.0] AndroidManifest.xml:58:9-61:60
141            android:name="com.microsoft.identity.common.internal.broker.InstallCertActivityLauncher"
141-->[com.microsoft.identity:common:16.1.0] AndroidManifest.xml:59:13-101
142            android:configChanges="orientation|keyboardHidden|screenSize|screenLayout|keyboard"
142-->[com.microsoft.identity:common:16.1.0] AndroidManifest.xml:60:13-96
143            android:theme="@style/Theme.AppCompat.Light" />
143-->[com.microsoft.identity:common:16.1.0] AndroidManifest.xml:61:13-57
144
145        <service
145-->[com.google.android.gms:play-services-mlkit-barcode-scanning:18.3.1] AndroidManifest.xml:9:9-15:19
146            android:name="com.google.mlkit.common.internal.MlKitComponentDiscoveryService"
146-->[com.google.android.gms:play-services-mlkit-barcode-scanning:18.3.1] AndroidManifest.xml:10:13-91
147            android:directBootAware="true"
147-->[com.google.mlkit:common:18.11.0] AndroidManifest.xml:17:13-43
148            android:exported="false" >
148-->[com.google.android.gms:play-services-mlkit-barcode-scanning:18.3.1] AndroidManifest.xml:11:13-37
149            <meta-data
149-->[com.google.android.gms:play-services-mlkit-barcode-scanning:18.3.1] AndroidManifest.xml:12:13-14:85
150                android:name="com.google.firebase.components:com.google.mlkit.vision.barcode.internal.BarcodeRegistrar"
150-->[com.google.android.gms:play-services-mlkit-barcode-scanning:18.3.1] AndroidManifest.xml:13:17-120
151                android:value="com.google.firebase.components.ComponentRegistrar" />
151-->[com.google.android.gms:play-services-mlkit-barcode-scanning:18.3.1] AndroidManifest.xml:14:17-82
152            <meta-data
152-->[com.google.mlkit:vision-common:17.3.0] AndroidManifest.xml:12:13-14:85
153                android:name="com.google.firebase.components:com.google.mlkit.vision.common.internal.VisionCommonRegistrar"
153-->[com.google.mlkit:vision-common:17.3.0] AndroidManifest.xml:13:17-124
154                android:value="com.google.firebase.components.ComponentRegistrar" />
154-->[com.google.mlkit:vision-common:17.3.0] AndroidManifest.xml:14:17-82
155            <meta-data
155-->[com.google.mlkit:common:18.11.0] AndroidManifest.xml:20:13-22:85
156                android:name="com.google.firebase.components:com.google.mlkit.common.internal.CommonComponentRegistrar"
156-->[com.google.mlkit:common:18.11.0] AndroidManifest.xml:21:17-120
157                android:value="com.google.firebase.components.ComponentRegistrar" />
157-->[com.google.mlkit:common:18.11.0] AndroidManifest.xml:22:17-82
158        </service>
159
160        <provider
160-->[com.google.mlkit:common:18.11.0] AndroidManifest.xml:9:9-13:38
161            android:name="com.google.mlkit.common.internal.MlKitInitProvider"
161-->[com.google.mlkit:common:18.11.0] AndroidManifest.xml:10:13-78
162            android:authorities="cl.truckmanager.android.mlkitinitprovider"
162-->[com.google.mlkit:common:18.11.0] AndroidManifest.xml:11:13-69
163            android:exported="false"
163-->[com.google.mlkit:common:18.11.0] AndroidManifest.xml:12:13-37
164            android:initOrder="99" />
164-->[com.google.mlkit:common:18.11.0] AndroidManifest.xml:13:13-35
165
166        <activity
166-->[com.google.android.gms:play-services-base:18.5.0] AndroidManifest.xml:5:9-173
167            android:name="com.google.android.gms.common.api.GoogleApiActivity"
167-->[com.google.android.gms:play-services-base:18.5.0] AndroidManifest.xml:5:19-85
168            android:exported="false"
168-->[com.google.android.gms:play-services-base:18.5.0] AndroidManifest.xml:5:146-170
169            android:theme="@android:style/Theme.Translucent.NoTitleBar" />
169-->[com.google.android.gms:play-services-base:18.5.0] AndroidManifest.xml:5:86-145
170
171        <meta-data
171-->[com.google.android.gms:play-services-basement:18.4.0] AndroidManifest.xml:6:9-122
172            android:name="com.google.android.gms.version"
172-->[com.google.android.gms:play-services-basement:18.4.0] AndroidManifest.xml:6:20-65
173            android:value="@integer/google_play_services_version" />
173-->[com.google.android.gms:play-services-basement:18.4.0] AndroidManifest.xml:6:66-119
174
175        <activity
175-->[androidx.compose.ui:ui-tooling-android:1.7.2] AndroidManifest.xml:23:9-25:39
176            android:name="androidx.compose.ui.tooling.PreviewActivity"
176-->[androidx.compose.ui:ui-tooling-android:1.7.2] AndroidManifest.xml:24:13-71
177            android:exported="true" />
177-->[androidx.compose.ui:ui-tooling-android:1.7.2] AndroidManifest.xml:25:13-36
178
179        <provider
179-->[androidx.emoji2:emoji2:1.3.0] AndroidManifest.xml:24:9-32:20
180            android:name="androidx.startup.InitializationProvider"
180-->[androidx.emoji2:emoji2:1.3.0] AndroidManifest.xml:25:13-67
181            android:authorities="cl.truckmanager.android.androidx-startup"
181-->[androidx.emoji2:emoji2:1.3.0] AndroidManifest.xml:26:13-68
182            android:exported="false" >
182-->[androidx.emoji2:emoji2:1.3.0] AndroidManifest.xml:27:13-37
183            <meta-data
183-->[androidx.emoji2:emoji2:1.3.0] AndroidManifest.xml:29:13-31:52
184                android:name="androidx.emoji2.text.EmojiCompatInitializer"
184-->[androidx.emoji2:emoji2:1.3.0] AndroidManifest.xml:30:17-75
185                android:value="androidx.startup" />
185-->[androidx.emoji2:emoji2:1.3.0] AndroidManifest.xml:31:17-49
186            <meta-data
186-->[androidx.lifecycle:lifecycle-process:2.8.5] AndroidManifest.xml:29:13-31:52
187                android:name="androidx.lifecycle.ProcessLifecycleInitializer"
187-->[androidx.lifecycle:lifecycle-process:2.8.5] AndroidManifest.xml:30:17-78
188                android:value="androidx.startup" />
188-->[androidx.lifecycle:lifecycle-process:2.8.5] AndroidManifest.xml:31:17-49
189            <meta-data
189-->[androidx.profileinstaller:profileinstaller:1.3.1] AndroidManifest.xml:29:13-31:52
190                android:name="androidx.profileinstaller.ProfileInstallerInitializer"
190-->[androidx.profileinstaller:profileinstaller:1.3.1] AndroidManifest.xml:30:17-85
191                android:value="androidx.startup" />
191-->[androidx.profileinstaller:profileinstaller:1.3.1] AndroidManifest.xml:31:17-49
192        </provider>
193
194        <service
194-->[com.google.android.datatransport:transport-backend-cct:2.3.3] AndroidManifest.xml:29:9-35:19
195            android:name="com.google.android.datatransport.runtime.backends.TransportBackendDiscovery"
195-->[com.google.android.datatransport:transport-backend-cct:2.3.3] AndroidManifest.xml:30:13-103
196            android:exported="false" >
196-->[com.google.android.datatransport:transport-backend-cct:2.3.3] AndroidManifest.xml:31:13-37
197            <meta-data
197-->[com.google.android.datatransport:transport-backend-cct:2.3.3] AndroidManifest.xml:32:13-34:39
198                android:name="backend:com.google.android.datatransport.cct.CctBackendFactory"
198-->[com.google.android.datatransport:transport-backend-cct:2.3.3] AndroidManifest.xml:33:17-94
199                android:value="cct" />
199-->[com.google.android.datatransport:transport-backend-cct:2.3.3] AndroidManifest.xml:34:17-36
200        </service>
201        <service
201-->[com.google.android.datatransport:transport-runtime:2.2.6] AndroidManifest.xml:26:9-30:19
202            android:name="com.google.android.datatransport.runtime.scheduling.jobscheduling.JobInfoSchedulerService"
202-->[com.google.android.datatransport:transport-runtime:2.2.6] AndroidManifest.xml:27:13-117
203            android:exported="false"
203-->[com.google.android.datatransport:transport-runtime:2.2.6] AndroidManifest.xml:28:13-37
204            android:permission="android.permission.BIND_JOB_SERVICE" >
204-->[com.google.android.datatransport:transport-runtime:2.2.6] AndroidManifest.xml:29:13-69
205        </service>
206
207        <receiver
207-->[com.google.android.datatransport:transport-runtime:2.2.6] AndroidManifest.xml:32:9-34:40
208            android:name="com.google.android.datatransport.runtime.scheduling.jobscheduling.AlarmManagerSchedulerBroadcastReceiver"
208-->[com.google.android.datatransport:transport-runtime:2.2.6] AndroidManifest.xml:33:13-132
209            android:exported="false" />
209-->[com.google.android.datatransport:transport-runtime:2.2.6] AndroidManifest.xml:34:13-37
210        <receiver
210-->[androidx.profileinstaller:profileinstaller:1.3.1] AndroidManifest.xml:34:9-52:20
211            android:name="androidx.profileinstaller.ProfileInstallReceiver"
211-->[androidx.profileinstaller:profileinstaller:1.3.1] AndroidManifest.xml:35:13-76
212            android:directBootAware="false"
212-->[androidx.profileinstaller:profileinstaller:1.3.1] AndroidManifest.xml:36:13-44
213            android:enabled="true"
213-->[androidx.profileinstaller:profileinstaller:1.3.1] AndroidManifest.xml:37:13-35
214            android:exported="true"
214-->[androidx.profileinstaller:profileinstaller:1.3.1] AndroidManifest.xml:38:13-36
215            android:permission="android.permission.DUMP" >
215-->[androidx.profileinstaller:profileinstaller:1.3.1] AndroidManifest.xml:39:13-57
216            <intent-filter>
216-->[androidx.profileinstaller:profileinstaller:1.3.1] AndroidManifest.xml:40:13-42:29
217                <action android:name="androidx.profileinstaller.action.INSTALL_PROFILE" />
217-->[androidx.profileinstaller:profileinstaller:1.3.1] AndroidManifest.xml:41:17-91
217-->[androidx.profileinstaller:profileinstaller:1.3.1] AndroidManifest.xml:41:25-88
218            </intent-filter>
219            <intent-filter>
219-->[androidx.profileinstaller:profileinstaller:1.3.1] AndroidManifest.xml:43:13-45:29
220                <action android:name="androidx.profileinstaller.action.SKIP_FILE" />
220-->[androidx.profileinstaller:profileinstaller:1.3.1] AndroidManifest.xml:44:17-85
220-->[androidx.profileinstaller:profileinstaller:1.3.1] AndroidManifest.xml:44:25-82
221            </intent-filter>
222            <intent-filter>
222-->[androidx.profileinstaller:profileinstaller:1.3.1] AndroidManifest.xml:46:13-48:29
223                <action android:name="androidx.profileinstaller.action.SAVE_PROFILE" />
223-->[androidx.profileinstaller:profileinstaller:1.3.1] AndroidManifest.xml:47:17-88
223-->[androidx.profileinstaller:profileinstaller:1.3.1] AndroidManifest.xml:47:25-85
224            </intent-filter>
225            <intent-filter>
225-->[androidx.profileinstaller:profileinstaller:1.3.1] AndroidManifest.xml:49:13-51:29
226                <action android:name="androidx.profileinstaller.action.BENCHMARK_OPERATION" />
226-->[androidx.profileinstaller:profileinstaller:1.3.1] AndroidManifest.xml:50:17-95
226-->[androidx.profileinstaller:profileinstaller:1.3.1] AndroidManifest.xml:50:25-92
227            </intent-filter>
228        </receiver>
229
230        <activity
230-->[com.yubico.yubikit:android:2.3.0] AndroidManifest.xml:17:9-21:63
231            android:name="com.yubico.yubikit.android.ui.OtpActivity"
231-->[com.yubico.yubikit:android:2.3.0] AndroidManifest.xml:18:13-69
232            android:excludeFromRecents="true"
232-->[com.yubico.yubikit:android:2.3.0] AndroidManifest.xml:19:13-46
233            android:label="@string/yubikit_otp_activity_title"
233-->[com.yubico.yubikit:android:2.3.0] AndroidManifest.xml:20:13-63
234            android:theme="@style/YubiKitPromptDialogTheme" />
234-->[com.yubico.yubikit:android:2.3.0] AndroidManifest.xml:21:13-60
235        <activity
235-->[com.yubico.yubikit:android:2.3.0] AndroidManifest.xml:22:9-26:63
236            android:name="com.yubico.yubikit.android.ui.YubiKeyPromptActivity"
236-->[com.yubico.yubikit:android:2.3.0] AndroidManifest.xml:23:13-79
237            android:excludeFromRecents="true"
237-->[com.yubico.yubikit:android:2.3.0] AndroidManifest.xml:24:13-46
238            android:label="@string/yubikit_prompt_activity_title"
238-->[com.yubico.yubikit:android:2.3.0] AndroidManifest.xml:25:13-66
239            android:theme="@style/YubiKitPromptDialogTheme" />
239-->[com.yubico.yubikit:android:2.3.0] AndroidManifest.xml:26:13-60
240    </application>
241
242</manifest>